<?xml version="1.0" encoding="UTF-8"?>
<testsuite name="Тесты метода existsByName()" tests="3" skipped="0" failures="0" errors="0" timestamp="2026-03-24T17:36:25.239Z" hostname="ZADEBAAV" time="0.004">
  <properties/>
  <testcase name="Проверка существования сохранённой группировки должна возвращать true" classname="seminars.repository.ConstellationRepositoryUnitTest$ExistsByNameTests" time="0.001"/>
  <testcase name="Проверка существования несуществующей группировки должна возвращать false" classname="seminars.repository.ConstellationRepositoryUnitTest$ExistsByNameTests" time="0.001"/>
  <testcase name="Проверка существования после удаления должна возвращать false" classname="seminars.repository.ConstellationRepositoryUnitTest$ExistsByNameTests" time="0.001"/>
  <system-out><![CDATA[2026-03-24T20:36:25.247+03:00  INFO 24048 --- [    Test worker] s.repository.ConstellationRepository     : Сохранена группировка: Орбита-1
2026-03-24T20:36:25.250+03:00  INFO 24048 --- [    Test worker] s.repository.ConstellationRepository     : Сохранена группировка: Орбита-1
2026-03-24T20:36:25.250+03:00  INFO 24048 --- [    Test worker] s.repository.ConstellationRepository     : Удалена группировка: Орбита-1
]]></system-out>
  <system-err><![CDATA[]]></system-err>
</testsuite>
