<?xml version="1.0" encoding="UTF-8"?>
<testsuite name="Комбинированные тесты с моками" tests="2" skipped="0" failures="0" errors="0" timestamp="2026-03-24T17:36:24.777Z" hostname="ZADEBAAV" time="0.342">
  <properties/>
  <testcase name="Последовательность save -&gt; findByName должна работать корректно" classname="seminars.repository.ConstellationRepositoryMockTest$CombinedMockTests" time="0.33"/>
  <testcase name="Полный цикл CRUD операций с моками" classname="seminars.repository.ConstellationRepositoryMockTest$CombinedMockTests" time="0.009"/>
  <system-out><![CDATA[]]></system-out>
  <system-err><![CDATA[]]></system-err>
</testsuite>
