<?xml version="1.0" encoding="UTF-8"?>
<testsuite name="seminars.satellites.factory.SatelliteFactoryTest" tests="3" skipped="0" failures="0" errors="0" timestamp="2026-04-19T19:56:41.595Z" hostname="ZADEBAAV" time="0.027">
  <properties/>
  <testcase name="testFactoryThrowsExceptionOnWrongParamType()" classname="seminars.satellites.factory.SatelliteFactoryTest" time="0.009"/>
  <testcase name="testCommunicationSatelliteFactoryCreatesCorrectSatellite()" classname="seminars.satellites.factory.SatelliteFactoryTest" time="0.012"/>
  <testcase name="testImagingSatelliteFactoryCreatesCorrectSatellite()" classname="seminars.satellites.factory.SatelliteFactoryTest" time="0.003"/>
  <system-out><![CDATA[]]></system-out>
  <system-err><![CDATA[]]></system-err>
</testsuite>
