<?xml version="1.0" encoding="UTF-8"?>
<testsuite name="Граничные тесты" tests="3" skipped="0" failures="0" errors="0" timestamp="2026-02-21T05:50:32.258Z" hostname="ZADEBAAV" time="0.038">
  <properties/>
  <testcase name="Сохранение группировки с очень длинным именем должно работать" classname="seminars.repository.ConstellationRepositoryUnitTest$BoundaryTests" time="0.019"/>
  <testcase name="Сохранение группировки с пустым именем должно работать" classname="seminars.repository.ConstellationRepositoryUnitTest$BoundaryTests" time="0.005"/>
  <testcase name="Добавление спутников в группировку перед сохранением должно сохраняться" classname="seminars.repository.ConstellationRepositoryUnitTest$BoundaryTests" time="0.004"/>
  <system-out><![CDATA[2026-02-21T08:50:32.265+03:00  INFO 28380 --- [    Test worker] s.repository.ConstellationRepository     : Сохранена группировка: ОООООООООООООООООООООООООООООООООООООООООООООООООООООООООООООООООООООООООООООООООООООООООООООООООООООООООООООООООООООООООООООООООООООООООООООООООООООООООООООООООООООООООООООООООООООООООООООООООООООООООООООООООООООООООООООООООООООООООООООООООООООООООООООООООООООООООООООООООООООООООООООООООООООООООООООООООООООООООООООООООООООООООООООООООООООООООООООООООООООООООООООООООООООООООООООООООООООООООООООООООООООООООООООООООООООООООООООООООООООООООООООООООООООООООООООООООООООООООООООООООООООООООООООООООООООООООООООООООООООООООООООООООООООООООООООООООООООООООООООООООООООООООООООООООООООООООООООООООООООООООООООООООООООООООООООООООООООООООООООООООООООООООООООООООООООООООООООООООООООООООООООООООООООООООООООООООООООООООООООООООООООООООООООООООООООООООООООООООООООООООООООООООООООООООООООООООООООООООООООООООООООООООООООООООООООООООООООООООООООООООООООООООООООООООООООООООООООООООООООООООООООООООООООООООООООООООООООООООООООООООООООООООООООООООООООООООООООООООООООООООООООООООООООООООООООООООООООООООООООООО
2026-02-21T08:50:32.290+03:00  INFO 28380 --- [    Test worker] s.repository.ConstellationRepository     : Сохранена группировка: 
2026-02-21T08:50:32.294+03:00  INFO 28380 --- [    Test worker] s.repository.ConstellationRepository     : Сохранена группировка: Орбита-1
]]></system-out>
  <system-err><![CDATA[]]></system-err>
</testsuite>
