<?xml version="1.0" encoding="UTF-8"?>
<testsuite name="Тесты метода clear()" tests="2" skipped="0" failures="0" errors="0" timestamp="2026-02-21T05:50:32.307Z" hostname="ZADEBAAV" time="0.021">
  <properties/>
  <testcase name="Очистка репозитория должна удалять все группировки" classname="seminars.repository.ConstellationRepositoryUnitTest$ClearTests" time="0.003"/>
  <testcase name="Очистка пустого репозитория не должна вызывать ошибок" classname="seminars.repository.ConstellationRepositoryUnitTest$ClearTests" time="0.017"/>
  <system-out><![CDATA[2026-02-21T08:50:32.309+03:00  INFO 28380 --- [    Test worker] s.repository.ConstellationRepository     : Сохранена группировка: Орбита-1
2026-02-21T08:50:32.310+03:00  INFO 28380 --- [    Test worker] s.repository.ConstellationRepository     : Сохранена группировка: Орбита-2
2026-02-21T08:50:32.311+03:00  INFO 28380 --- [    Test worker] s.repository.ConstellationRepository     : Репозиторий очищен
2026-02-21T08:50:32.326+03:00  INFO 28380 --- [    Test worker] s.repository.ConstellationRepository     : Репозиторий очищен
]]></system-out>
  <system-err><![CDATA[]]></system-err>
</testsuite>
