<?xml version="1.0" encoding="UTF-8"?>
<testsuite name="ConstellationRepository - Интеграционные тесты" tests="0" skipped="0" failures="0" errors="0" timestamp="1970-01-01T00:00:00Z" hostname="ZADEBAAV" time="0.0">
  <properties/>
  <system-out><![CDATA[15:27:45.822 [Test worker] INFO org.springframework.test.context.support.AnnotationConfigContextLoaderUtils -- Could not detect default configuration classes for test class [seminars.repository.ConstellationRepositoryIntegrationTest]: ConstellationRepositoryIntegrationTest does not declare any static, non-private, non-final, nested classes annotated with @Configuration.
15:27:46.251 [Test worker] INFO org.springframework.boot.test.context.SpringBootTestContextBootstrapper -- Found @SpringBootConfiguration seminars.Main for test class seminars.repository.ConstellationRepositoryIntegrationTest
]]></system-out>
  <system-err><![CDATA[]]></system-err>
</testsuite>
