<?xml version="1.0" encoding="UTF-8"?>
<testsuite name="Тесты метода clear() с моками" tests="2" skipped="0" failures="0" errors="0" timestamp="2026-03-24T12:27:53.567Z" hostname="ZADEBAAV" time="0.019">
  <properties/>
  <testcase name="Мок clear() не должен выбрасывать исключения" classname="seminars.repository.ConstellationRepositoryMockTest$ClearMockTests" time="0.011"/>
  <testcase name="Мок clear() должен вызываться ровно один раз" classname="seminars.repository.ConstellationRepositoryMockTest$ClearMockTests" time="0.007"/>
  <system-out><![CDATA[]]></system-out>
  <system-err><![CDATA[]]></system-err>
</testsuite>
