<?xml version="1.0" encoding="UTF-8"?>
<testsuite name="Тесты метода existsByName()" tests="3" skipped="0" failures="0" errors="0" timestamp="2026-02-21T05:50:32.382Z" hostname="ZADEBAAV" time="0.022">
  <properties/>
  <testcase name="Проверка существования сохранённой группировки должна возвращать true" classname="seminars.repository.ConstellationRepositoryUnitTest$ExistsByNameTests" time="0.004"/>
  <testcase name="Проверка существования несуществующей группировки должна возвращать false" classname="seminars.repository.ConstellationRepositoryUnitTest$ExistsByNameTests" time="0.003"/>
  <testcase name="Проверка существования после удаления должна возвращать false" classname="seminars.repository.ConstellationRepositoryUnitTest$ExistsByNameTests" time="0.005"/>
  <system-out><![CDATA[2026-02-21T08:50:32.385+03:00  INFO 28380 --- [    Test worker] s.repository.ConstellationRepository     : Сохранена группировка: Орбита-1
2026-02-21T08:50:32.401+03:00  INFO 28380 --- [    Test worker] s.repository.ConstellationRepository     : Сохранена группировка: Орбита-1
2026-02-21T08:50:32.401+03:00  INFO 28380 --- [    Test worker] s.repository.ConstellationRepository     : Удалена группировка: Орбита-1
]]></system-out>
  <system-err><![CDATA[]]></system-err>
</testsuite>
