<?xml version="1.0" encoding="UTF-8"?>
<testsuite name="Тесты метода getAllConstellations() с моками" tests="2" skipped="0" failures="0" errors="0" timestamp="2026-03-24T17:13:23.096Z" hostname="ZADEBAAV" time="0.008">
  <properties/>
  <testcase name="Мок getAllConstellations() должен возвращать пустую карту когда настроено" classname="seminars.repository.ConstellationRepositoryMockTest$GetAllConstellationsMockTests" time="0.004"/>
  <testcase name="Мок getAllConstellations() должен возвращать настроенную карту" classname="seminars.repository.ConstellationRepositoryMockTest$GetAllConstellationsMockTests" time="0.004"/>
  <system-out><![CDATA[]]></system-out>
  <system-err><![CDATA[]]></system-err>
</testsuite>
