<?xml version="1.0" encoding="UTF-8"?>
<testsuite name="Граничные тесты" tests="3" skipped="0" failures="0" errors="0" timestamp="2026-04-11T07:07:57.283Z" hostname="ZADEBAAV" time="0.021">
  <properties/>
  <testcase name="Сохранение группировки с очень длинным именем должно работать" classname="seminars.repository.ConstellationRepositoryUnitTest$BoundaryTests" time="0.01"/>
  <testcase name="Сохранение группировки с пустым именем должно работать" classname="seminars.repository.ConstellationRepositoryUnitTest$BoundaryTests" time="0.005"/>
  <testcase name="Добавление спутников в группировку перед сохранением должно сохраняться" classname="seminars.repository.ConstellationRepositoryUnitTest$BoundaryTests" time="0.003"/>
  <system-out><![CDATA[2026-04-11T10:07:57.288+03:00  INFO 18828 --- [space-operation-center] [    Test worker] s.repository.ConstellationRepository     : Сохранена группировка: ОООООООООООООООООООООООООООООООООООООООООООООООООООООООООООООООООООООООООООООООООООООООООООООООООООООООООООООООООООООООООООООООООООООООООООООООООООООООООООООООООООООООООООООООООООООООООООООООООООООООООООООООООООООООООООООООООООООООООООООООООООООООООООООООООООООООООООООООООООООООООООООООООООООООООООООООООООООООООООООООООООООООООООООООООООООООООООООООООООООООООООООООООООООООООООООООООООООООООООООООООООООООООООООООООООООООООООООООООООООООООООООООООООООООООООООООООООООООООООООООООООООООООООООООООООООООООООООООООООООООООООООООООООООООООООООООООООООООООООООООООООООООООООООООООООООООООООООООООООООООООООООООООООООООООООООООООООООООООООООООООООООООООООООООООООООООООООООООООООООООООООООООООООООООООООООООООООООООООООООООООООООООООООООООООООООООООООООООООООООООООООООООООООООООООООООООООООООООООООООООООООООООООООООООООООООООООООООООООООООООООООООООООООООООООООООООООООООООООООООООООООООООООООООООООООООООООООООООООООООООООООООООООООООООООООООООООООООООООООООООООООООООООООООООООООООООООООООООООООООООО
2026-04-11T10:07:57.295+03:00  INFO 18828 --- [space-operation-center] [    Test worker] s.repository.ConstellationRepository     : Сохранена группировка: 
2026-04-11T10:07:57.303+03:00  INFO 18828 --- [space-operation-center] [    Test worker] s.repository.ConstellationRepository     : Сохранена группировка: Орбита-1
]]></system-out>
  <system-err><![CDATA[]]></system-err>
</testsuite>
