<?xml version="1.0" encoding="UTF-8"?>
<testsuite name="Тесты метода existsByName() с моками" tests="2" skipped="0" failures="0" errors="0" timestamp="2026-02-21T05:50:31.976Z" hostname="ZADEBAAV" time="0.06">
  <properties/>
  <testcase name="Мок existsByName() для существующей группировки должен возвращать true" classname="seminars.repository.ConstellationRepositoryMockTest$ExistsByNameMockTests" time="0.022"/>
  <testcase name="Мок existsByName() для несуществующей группировки должен возвращать false" classname="seminars.repository.ConstellationRepositoryMockTest$ExistsByNameMockTests" time="0.036"/>
  <system-out><![CDATA[]]></system-out>
  <system-err><![CDATA[]]></system-err>
</testsuite>
