<?xml version="1.0" encoding="UTF-8"?>
<testsuite name="SpaceOperationCenterService - Интеграционные тесты" tests="3" skipped="0" failures="0" errors="0" timestamp="2026-02-21T05:50:32.538Z" hostname="ZADEBAAV" time="0.038">
  <properties/>
  <testcase name="getConstellationCount должен возвращать актуальное количество" classname="seminars.service.SpaceOperationCenterServiceIntegrationTest" time="0.013"/>
  <testcase name="constellationExists должен проверять существование в репозитории" classname="seminars.service.SpaceOperationCenterServiceIntegrationTest" time="0.01"/>
  <testcase name="Создание группировки через сервис должно сохранять в репозиторий" classname="seminars.service.SpaceOperationCenterServiceIntegrationTest" time="0.009"/>
  <system-out><![CDATA[2026-02-21T08:50:32.451+03:00  INFO 28380 --- [    Test worker] t.c.s.AnnotationConfigContextLoaderUtils : Could not detect default configuration classes for test class [seminars.service.SpaceOperationCenterServiceIntegrationTest]: SpaceOperationCenterServiceIntegrationTest does not declare any static, non-private, non-final, nested classes annotated with @Configuration.
2026-02-21T08:50:32.495+03:00  INFO 28380 --- [    Test worker] .b.t.c.SpringBootTestContextBootstrapper : Found @SpringBootConfiguration seminars.Main for test class seminars.service.SpaceOperationCenterServiceIntegrationTest
2026-02-21T08:50:32.542+03:00  INFO 28380 --- [    Test worker] s.repository.ConstellationRepository     : Репозиторий очищен
2026-02-21T08:50:32.544+03:00  INFO 28380 --- [    Test worker] s.repository.ConstellationRepository     : Сохранена группировка: Орбита-Сервис-Тест
2026-02-21T08:50:32.544+03:00  INFO 28380 --- [    Test worker] s.service.SpaceOperationCenterService    : Создана спутниковая группировка: Орбита-Сервис-Тест
2026-02-21T08:50:32.544+03:00  INFO 28380 --- [    Test worker] s.repository.ConstellationRepository     : Сохранена группировка: Орбита-2
2026-02-21T08:50:32.544+03:00  INFO 28380 --- [    Test worker] s.service.SpaceOperationCenterService    : Создана спутниковая группировка: Орбита-2
2026-02-21T08:50:32.560+03:00  INFO 28380 --- [    Test worker] s.repository.ConstellationRepository     : Репозиторий очищен
2026-02-21T08:50:32.561+03:00  INFO 28380 --- [    Test worker] s.repository.ConstellationRepository     : Сохранена группировка: Орбита-Сервис-Тест
2026-02-21T08:50:32.561+03:00  INFO 28380 --- [    Test worker] s.service.SpaceOperationCenterService    : Создана спутниковая группировка: Орбита-Сервис-Тест
2026-02-21T08:50:32.571+03:00  INFO 28380 --- [    Test worker] s.repository.ConstellationRepository     : Репозиторий очищен
2026-02-21T08:50:32.571+03:00  INFO 28380 --- [    Test worker] s.repository.ConstellationRepository     : Сохранена группировка: Орбита-Сервис-Тест
2026-02-21T08:50:32.571+03:00  INFO 28380 --- [    Test worker] s.service.SpaceOperationCenterService    : Создана спутниковая группировка: Орбита-Сервис-Тест
]]></system-out>
  <system-err><![CDATA[]]></system-err>
</testsuite>
