<?xml version="1.0" encoding="UTF-8"?>
<testsuite name="Тесты метода count() с моками" tests="2" skipped="0" failures="0" errors="0" timestamp="2026-04-11T07:07:57.082Z" hostname="ZADEBAAV" time="0.013">
  <properties/>
  <testcase name="Мок count() должен возвращать 0 для пустого репозитория" classname="seminars.repository.ConstellationRepositoryMockTest$CountMockTests" time="0.006"/>
  <testcase name="Мок count() должен возвращать настроенное значение" classname="seminars.repository.ConstellationRepositoryMockTest$CountMockTests" time="0.005"/>
  <system-out><![CDATA[]]></system-out>
  <system-err><![CDATA[]]></system-err>
</testsuite>
