<?xml version="1.0" encoding="UTF-8"?>
<testsuite name="Тесты метода deleteByName() с моками" tests="2" skipped="0" failures="0" errors="0" timestamp="2026-03-24T17:36:25.152Z" hostname="ZADEBAAV" time="0.009">
  <properties/>
  <testcase name="Мок deleteByName() не должен выбрасывать исключения" classname="seminars.repository.ConstellationRepositoryMockTest$DeleteByNameMockTests" time="0.005"/>
  <testcase name="Мок deleteByName() должен вызываться с правильным именем" classname="seminars.repository.ConstellationRepositoryMockTest$DeleteByNameMockTests" time="0.003"/>
  <system-out><![CDATA[]]></system-out>
  <system-err><![CDATA[]]></system-err>
</testsuite>
