<?xml version="1.0" encoding="UTF-8"?>
<testsuite name="Тесты метода getAllConstellations() с моками" tests="2" skipped="0" failures="0" errors="0" timestamp="2026-02-21T05:50:32.047Z" hostname="ZADEBAAV" time="0.064">
  <properties/>
  <testcase name="Мок getAllConstellations() должен возвращать пустую карту когда настроено" classname="seminars.repository.ConstellationRepositoryMockTest$GetAllConstellationsMockTests" time="0.033"/>
  <testcase name="Мок getAllConstellations() должен возвращать настроенную карту" classname="seminars.repository.ConstellationRepositoryMockTest$GetAllConstellationsMockTests" time="0.028"/>
  <system-out><![CDATA[]]></system-out>
  <system-err><![CDATA[]]></system-err>
</testsuite>
