<?xml version="1.0" encoding="UTF-8"?>
<testsuite name="Тесты метода existsByName() с моками" tests="2" skipped="0" failures="0" errors="0" timestamp="2026-04-11T07:07:57.129Z" hostname="ZADEBAAV" time="0.023">
  <properties/>
  <testcase name="Мок existsByName() для существующей группировки должен возвращать true" classname="seminars.repository.ConstellationRepositoryMockTest$ExistsByNameMockTests" time="0.01"/>
  <testcase name="Мок existsByName() для несуществующей группировки должен возвращать false" classname="seminars.repository.ConstellationRepositoryMockTest$ExistsByNameMockTests" time="0.012"/>
  <system-out><![CDATA[]]></system-out>
  <system-err><![CDATA[]]></system-err>
</testsuite>
