<?xml version="1.0" encoding="UTF-8"?>
<testsuite name="Тесты метода findByName() с моками" tests="3" skipped="0" failures="0" errors="0" timestamp="2026-02-21T05:50:32.141Z" hostname="ZADEBAAV" time="0.058">
  <properties/>
  <testcase name="Мок findByName() должен возвращать настроенное значение" classname="seminars.repository.ConstellationRepositoryMockTest$FindByNameMockTests" time="0.019"/>
  <testcase name="Мок findByName() для существующей группировки должен возвращать Optional с значением" classname="seminars.repository.ConstellationRepositoryMockTest$FindByNameMockTests" time="0.022"/>
  <testcase name="Мок findByName() для несуществующей группировки должен возвращать пустой Optional" classname="seminars.repository.ConstellationRepositoryMockTest$FindByNameMockTests" time="0.012"/>
  <system-out><![CDATA[]]></system-out>
  <system-err><![CDATA[]]></system-err>
</testsuite>
