<?xml version="1.0" encoding="UTF-8"?>
<testsuite name="Тесты метода save() с моками" tests="3" skipped="0" failures="0" errors="0" timestamp="2026-02-21T05:50:32.207Z" hostname="ZADEBAAV" time="0.03">
  <properties/>
  <testcase name="Мок save() должен вызываться ровно один раз" classname="seminars.repository.ConstellationRepositoryMockTest$SaveMockTests" time="0.007"/>
  <testcase name="Мок save() при нескольких вызовах должен фиксировать все вызовы" classname="seminars.repository.ConstellationRepositoryMockTest$SaveMockTests" time="0.015"/>
  <testcase name="Мок save() должен вызываться с корректной группировкой" classname="seminars.repository.ConstellationRepositoryMockTest$SaveMockTests" time="0.005"/>
  <system-out><![CDATA[]]></system-out>
  <system-err><![CDATA[]]></system-err>
</testsuite>
