<?xml version="1.0" encoding="UTF-8"?>
<testsuite name="SpaceOperationCenterService - Мок тесты" tests="7" skipped="0" failures="0" errors="0" timestamp="2026-03-24T17:36:25.351Z" hostname="ZADEBAAV" time="0.045">
  <properties/>
  <testcase name="addSatelliteToConstellation с существующей группировкой должен добавлять спутник" classname="seminars.service.ConstellationServiceMockTest" time="0.02"/>
  <testcase name="executeConstellationMission должен выполнять миссии всех спутников" classname="seminars.service.ConstellationServiceMockTest" time="0.004"/>
  <testcase name="constellationExists должен возвращать результат из репозитория" classname="seminars.service.ConstellationServiceMockTest" time="0.003"/>
  <testcase name="activateAllSatellites должен активировать все спутники в группировке" classname="seminars.service.ConstellationServiceMockTest" time="0.004"/>
  <testcase name="createAndSaveConstellation должен вызывать save на репозитории" classname="seminars.service.ConstellationServiceMockTest" time="0.005"/>
  <testcase name="getConstellationCount должен возвращать количество из репозитория" classname="seminars.service.ConstellationServiceMockTest" time="0.004"/>
  <testcase name="addSatelliteToConstellation с несуществующей группировкой не должен выбрасывать исключения" classname="seminars.service.ConstellationServiceMockTest" time="0.004"/>
  <system-out><![CDATA[2026-03-24T20:36:25.369+03:00  INFO 24048 --- [    Test worker] seminars.service.ConstellationService    : Добавлен спутник Спутник-Тест в группировку Орбита-Тест
✅ Спутник-Тест: Активация успешна
2026-03-24T20:36:25.381+03:00  INFO 24048 --- [    Test worker] seminars.service.ConstellationService    : === ВЫПОЛНЕНИЕ МИССИЙ ДЛЯ ГРУППИРОВКИ: Орбита-Тест ===
2026-03-24T20:36:25.382+03:00  INFO 24048 --- [    Test worker] seminars.service.ConstellationService    : ВЫПОЛНЕНИЕ МИССИЙ ГРУППИРОВКИ ОРБИТА-ТЕСТ
2026-03-24T20:36:25.382+03:00  INFO 24048 --- [    Test worker] seminars.service.ConstellationService    : ==================================================
Спутник-Тест: Передача данных со скоростью 500.0 Мбит/с
Спутник-Тест: Отправил 500.0 Мбит данных!
2026-03-24T20:36:25.389+03:00  INFO 24048 --- [    Test worker] seminars.service.ConstellationService    : === АКТИВАЦИЯ СПУТНИКОВ В ГРУППИРОВКЕ: Орбита-Тест ===
✅ Спутник-Тест: Активация успешна
2026-03-24T20:36:25.391+03:00  INFO 24048 --- [    Test worker] seminars.service.ConstellationService    : Создана спутниковая группировка: Орбита-Тест
2026-03-24T20:36:25.402+03:00 ERROR 24048 --- [    Test worker] seminars.service.ConstellationService    : Группировка 'Орбита-Тест' не найдена
]]></system-out>
  <system-err><![CDATA[]]></system-err>
</testsuite>
